<?xml version="1.0" encoding="utf-8"?><testsuites><testsuite name="pytest" errors="2" failures="0" skipped="0" tests="2" time="10.958" timestamp="2022-11-06T03:01:55.104799" hostname="0d716be17b4e"><testcase classname="" name="tests.test_age_api" time="0.000"><error message="collection failure">import file mismatch:
imported module 'tests.test_age_api' has this __file__ attribute:
  /api-validator/report/tests/test_age_api.py
which is not the same as the test file we want to collect:
  /api-validator/tests/test_age_api.py
HINT: remove __pycache__ / .pyc files and/or use a unique basename for your test file modules</error></testcase><testcase classname="" name="tests.test_person" time="0.000"><error message="collection failure">import file mismatch:
imported module 'tests.test_person' has this __file__ attribute:
  /api-validator/report/tests/test_person.py
which is not the same as the test file we want to collect:
  /api-validator/tests/test_person.py
HINT: remove __pycache__ / .pyc files and/or use a unique basename for your test file modules</error></testcase></testsuite></testsuites>